<?xml version="1.0" encoding="UTF-8"?>
<testsuite xmlns:xsi="http://www.w3.org/2001/XMLSchema-instance" xsi:noNamespaceSchemaLocation="https://maven.apache.org/surefire/maven-surefire-plugin/xsd/surefire-test-report-3.0.xsd" version="3.0" name="com.spotify.oauth2.tests.PlaylistTests" time="12.297" tests="5" errors="0" skipped="0" failures="0">
  <properties>
    <property name="gopherProxySet" value="false"/>
    <property name="awt.toolkit" value="sun.lwawt.macosx.LWCToolkit"/>
    <property name="java.specification.version" value="11"/>
    <property name="sun.cpu.isalist" value=""/>
    <property name="sun.jnu.encoding" value="UTF-8"/>
    <property name="java.class.path" value="/Users/sandhyaravikumar/IdeaProjects/SpotifyOauth2.0/target/test-classes:/Users/sandhyaravikumar/IdeaProjects/SpotifyOauth2.0/target/classes:/Users/sandhyaravikumar/.m2/repository/io/rest-assured/rest-assured/5.1.0/rest-assured-5.1.0.jar:/Users/sandhyaravikumar/.m2/repository/org/apache/groovy/groovy/4.0.1/groovy-4.0.1.jar:/Users/sandhyaravikumar/.m2/repository/org/apache/groovy/groovy-xml/4.0.1/groovy-xml-4.0.1.jar:/Users/sandhyaravikumar/.m2/repository/org/apache/httpcomponents/httpclient/4.5.13/httpclient-4.5.13.jar:/Users/sandhyaravikumar/.m2/repository/org/apache/httpcomponents/httpcore/4.4.13/httpcore-4.4.13.jar:/Users/sandhyaravikumar/.m2/repository/commons-logging/commons-logging/1.2/commons-logging-1.2.jar:/Users/sandhyaravikumar/.m2/repository/commons-codec/commons-codec/1.11/commons-codec-1.11.jar:/Users/sandhyaravikumar/.m2/repository/org/apache/httpcomponents/httpmime/4.5.13/httpmime-4.5.13.jar:/Users/sandhyaravikumar/.m2/repository/org/hamcrest/hamcrest/2.1/hamcrest-2.1.jar:/Users/sandhyaravikumar/.m2/repository/org/ccil/cowan/tagsoup/tagsoup/1.2.1/tagsoup-1.2.1.jar:/Users/sandhyaravikumar/.m2/repository/io/rest-assured/json-path/5.1.0/json-path-5.1.0.jar:/Users/sandhyaravikumar/.m2/repository/org/apache/groovy/groovy-json/4.0.1/groovy-json-4.0.1.jar:/Users/sandhyaravikumar/.m2/repository/io/rest-assured/rest-assured-common/5.1.0/rest-assured-common-5.1.0.jar:/Users/sandhyaravikumar/.m2/repository/io/rest-assured/xml-path/5.1.0/xml-path-5.1.0.jar:/Users/sandhyaravikumar/.m2/repository/org/testng/testng/7.6.0/testng-7.6.0.jar:/Users/sandhyaravikumar/.m2/repository/com/google/code/findbugs/jsr305/3.0.2/jsr305-3.0.2.jar:/Users/sandhyaravikumar/.m2/repository/org/slf4j/slf4j-api/1.7.36/slf4j-api-1.7.36.jar:/Users/sandhyaravikumar/.m2/repository/com/beust/jcommander/1.82/jcommander-1.82.jar:/Users/sandhyaravikumar/.m2/repository/org/webjars/jquery/3.6.0/jquery-3.6.0.jar:/Users/sandhyaravikumar/.m2/repository/com/fasterxml/jackson/core/jackson-databind/2.13.3/jackson-databind-2.13.3.jar:/Users/sandhyaravikumar/.m2/repository/com/fasterxml/jackson/core/jackson-annotations/2.13.3/jackson-annotations-2.13.3.jar:/Users/sandhyaravikumar/.m2/repository/com/fasterxml/jackson/core/jackson-core/2.13.3/jackson-core-2.13.3.jar:/Users/sandhyaravikumar/.m2/repository/org/projectlombok/lombok/1.18.24/lombok-1.18.24.jar:/Users/sandhyaravikumar/.m2/repository/io/qameta/allure/allure-testng/2.18.1/allure-testng-2.18.1.jar:/Users/sandhyaravikumar/.m2/repository/io/qameta/allure/allure-java-commons/2.18.1/allure-java-commons-2.18.1.jar:/Users/sandhyaravikumar/.m2/repository/io/qameta/allure/allure-model/2.18.1/allure-model-2.18.1.jar:/Users/sandhyaravikumar/.m2/repository/io/qameta/allure/allure-test-filter/2.18.1/allure-test-filter-2.18.1.jar:/Users/sandhyaravikumar/.m2/repository/io/qameta/allure/allure-rest-assured/2.18.1/allure-rest-assured-2.18.1.jar:/Users/sandhyaravikumar/.m2/repository/io/qameta/allure/allure-attachments/2.18.1/allure-attachments-2.18.1.jar:/Users/sandhyaravikumar/.m2/repository/org/freemarker/freemarker/2.3.31/freemarker-2.3.31.jar:/Users/sandhyaravikumar/.m2/repository/com/github/javafaker/javafaker/1.0.2/javafaker-1.0.2.jar:/Users/sandhyaravikumar/.m2/repository/org/apache/commons/commons-lang3/3.5/commons-lang3-3.5.jar:/Users/sandhyaravikumar/.m2/repository/org/yaml/snakeyaml/1.23/snakeyaml-1.23-android.jar:/Users/sandhyaravikumar/.m2/repository/com/github/mifmif/generex/1.0.2/generex-1.0.2.jar:/Users/sandhyaravikumar/.m2/repository/dk/brics/automaton/automaton/1.11-8/automaton-1.11-8.jar:"/>
    <property name="java.vm.vendor" value="Oracle Corporation"/>
    <property name="sun.arch.data.model" value="64"/>
    <property name="java.vendor.url" value="https://openjdk.java.net/"/>
    <property name="user.timezone" value="Asia/Kolkata"/>
    <property name="java.vm.specification.version" value="11"/>
    <property name="os.name" value="Mac OS X"/>
    <property name="sun.java.launcher" value="SUN_STANDARD"/>
    <property name="user.country" value="IN"/>
    <property name="sun.boot.library.path" value="/Library/Java/JavaVirtualMachines/jdk-11.0.13.jdk/Contents/Home/lib"/>
    <property name="sun.java.command" value="/Users/sandhyaravikumar/IdeaProjects/SpotifyOauth2.0/target/surefire/surefirebooter-20220622211552985_3.jar /Users/sandhyaravikumar/IdeaProjects/SpotifyOauth2.0/target/surefire 2022-06-22T21-15-52_448-jvmRun1 surefire-20220622211552985_1tmp surefire_0-20220622211552985_2tmp"/>
    <property name="http.nonProxyHosts" value="local|*.local|169.254/16|*.169.254/16"/>
    <property name="jdk.debug" value="release"/>
    <property name="surefire.test.class.path" value="/Users/sandhyaravikumar/IdeaProjects/SpotifyOauth2.0/target/test-classes:/Users/sandhyaravikumar/IdeaProjects/SpotifyOauth2.0/target/classes:/Users/sandhyaravikumar/.m2/repository/io/rest-assured/rest-assured/5.1.0/rest-assured-5.1.0.jar:/Users/sandhyaravikumar/.m2/repository/org/apache/groovy/groovy/4.0.1/groovy-4.0.1.jar:/Users/sandhyaravikumar/.m2/repository/org/apache/groovy/groovy-xml/4.0.1/groovy-xml-4.0.1.jar:/Users/sandhyaravikumar/.m2/repository/org/apache/httpcomponents/httpclient/4.5.13/httpclient-4.5.13.jar:/Users/sandhyaravikumar/.m2/repository/org/apache/httpcomponents/httpcore/4.4.13/httpcore-4.4.13.jar:/Users/sandhyaravikumar/.m2/repository/commons-logging/commons-logging/1.2/commons-logging-1.2.jar:/Users/sandhyaravikumar/.m2/repository/commons-codec/commons-codec/1.11/commons-codec-1.11.jar:/Users/sandhyaravikumar/.m2/repository/org/apache/httpcomponents/httpmime/4.5.13/httpmime-4.5.13.jar:/Users/sandhyaravikumar/.m2/repository/org/hamcrest/hamcrest/2.1/hamcrest-2.1.jar:/Users/sandhyaravikumar/.m2/repository/org/ccil/cowan/tagsoup/tagsoup/1.2.1/tagsoup-1.2.1.jar:/Users/sandhyaravikumar/.m2/repository/io/rest-assured/json-path/5.1.0/json-path-5.1.0.jar:/Users/sandhyaravikumar/.m2/repository/org/apache/groovy/groovy-json/4.0.1/groovy-json-4.0.1.jar:/Users/sandhyaravikumar/.m2/repository/io/rest-assured/rest-assured-common/5.1.0/rest-assured-common-5.1.0.jar:/Users/sandhyaravikumar/.m2/repository/io/rest-assured/xml-path/5.1.0/xml-path-5.1.0.jar:/Users/sandhyaravikumar/.m2/repository/org/testng/testng/7.6.0/testng-7.6.0.jar:/Users/sandhyaravikumar/.m2/repository/com/google/code/findbugs/jsr305/3.0.2/jsr305-3.0.2.jar:/Users/sandhyaravikumar/.m2/repository/org/slf4j/slf4j-api/1.7.36/slf4j-api-1.7.36.jar:/Users/sandhyaravikumar/.m2/repository/com/beust/jcommander/1.82/jcommander-1.82.jar:/Users/sandhyaravikumar/.m2/repository/org/webjars/jquery/3.6.0/jquery-3.6.0.jar:/Users/sandhyaravikumar/.m2/repository/com/fasterxml/jackson/core/jackson-databind/2.13.3/jackson-databind-2.13.3.jar:/Users/sandhyaravikumar/.m2/repository/com/fasterxml/jackson/core/jackson-annotations/2.13.3/jackson-annotations-2.13.3.jar:/Users/sandhyaravikumar/.m2/repository/com/fasterxml/jackson/core/jackson-core/2.13.3/jackson-core-2.13.3.jar:/Users/sandhyaravikumar/.m2/repository/org/projectlombok/lombok/1.18.24/lombok-1.18.24.jar:/Users/sandhyaravikumar/.m2/repository/io/qameta/allure/allure-testng/2.18.1/allure-testng-2.18.1.jar:/Users/sandhyaravikumar/.m2/repository/io/qameta/allure/allure-java-commons/2.18.1/allure-java-commons-2.18.1.jar:/Users/sandhyaravikumar/.m2/repository/io/qameta/allure/allure-model/2.18.1/allure-model-2.18.1.jar:/Users/sandhyaravikumar/.m2/repository/io/qameta/allure/allure-test-filter/2.18.1/allure-test-filter-2.18.1.jar:/Users/sandhyaravikumar/.m2/repository/io/qameta/allure/allure-rest-assured/2.18.1/allure-rest-assured-2.18.1.jar:/Users/sandhyaravikumar/.m2/repository/io/qameta/allure/allure-attachments/2.18.1/allure-attachments-2.18.1.jar:/Users/sandhyaravikumar/.m2/repository/org/freemarker/freemarker/2.3.31/freemarker-2.3.31.jar:/Users/sandhyaravikumar/.m2/repository/com/github/javafaker/javafaker/1.0.2/javafaker-1.0.2.jar:/Users/sandhyaravikumar/.m2/repository/org/apache/commons/commons-lang3/3.5/commons-lang3-3.5.jar:/Users/sandhyaravikumar/.m2/repository/org/yaml/snakeyaml/1.23/snakeyaml-1.23-android.jar:/Users/sandhyaravikumar/.m2/repository/com/github/mifmif/generex/1.0.2/generex-1.0.2.jar:/Users/sandhyaravikumar/.m2/repository/dk/brics/automaton/automaton/1.11-8/automaton-1.11-8.jar:"/>
    <property name="sun.cpu.endian" value="little"/>
    <property name="user.home" value="/Users/sandhyaravikumar"/>
    <property name="user.language" value="en"/>
    <property name="java.specification.vendor" value="Oracle Corporation"/>
    <property name="java.version.date" value="2021-10-19"/>
    <property name="java.home" value="/Library/Java/JavaVirtualMachines/jdk-11.0.13.jdk/Contents/Home"/>
    <property name="file.separator" value="/"/>
    <property name="basedir" value="/Users/sandhyaravikumar/IdeaProjects/SpotifyOauth2.0"/>
    <property name="java.vm.compressedOopsMode" value="Zero based"/>
    <property name="line.separator" value="&#10;"/>
    <property name="java.specification.name" value="Java Platform API Specification"/>
    <property name="java.vm.specification.vendor" value="Oracle Corporation"/>
    <property name="java.awt.graphicsenv" value="sun.awt.CGraphicsEnvironment"/>
    <property name="surefire.real.class.path" value="/Users/sandhyaravikumar/IdeaProjects/SpotifyOauth2.0/target/surefire/surefirebooter-20220622211552985_3.jar"/>
    <property name="BASE_URI" value="https://api.spotify.com"/>
    <property name="sun.management.compiler" value="HotSpot 64-Bit Tiered Compilers"/>
    <property name="ftp.nonProxyHosts" value="local|*.local|169.254/16|*.169.254/16"/>
    <property name="java.runtime.version" value="11.0.13+10-LTS-370"/>
    <property name="user.name" value="sandhyaravikumar"/>
    <property name="path.separator" value=":"/>
    <property name="os.version" value="10.16"/>
    <property name="java.runtime.name" value="Java(TM) SE Runtime Environment"/>
    <property name="file.encoding" value="US-ASCII"/>
    <property name="java.vm.name" value="Java HotSpot(TM) 64-Bit Server VM"/>
    <property name="java.vendor.version" value="18.9"/>
    <property name="localRepository" value="/Users/sandhyaravikumar/.m2/repository"/>
    <property name="java.vendor.url.bug" value="https://bugreport.java.com/bugreport/"/>
    <property name="java.io.tmpdir" value="/var/folders/y1/9qn3221x1q56nkg9k5t54zlc0000gn/T/"/>
    <property name="java.version" value="11.0.13"/>
    <property name="user.dir" value="/Users/sandhyaravikumar/IdeaProjects/SpotifyOauth2.0"/>
    <property name="os.arch" value="x86_64"/>
    <property name="java.vm.specification.name" value="Java Virtual Machine Specification"/>
    <property name="java.awt.printerjob" value="sun.lwawt.macosx.CPrinterJob"/>
    <property name="sun.os.patch.level" value="unknown"/>
    <property name="java.library.path" value="/Users/sandhyaravikumar/Library/Java/Extensions:/Library/Java/Extensions:/Network/Library/Java/Extensions:/System/Library/Java/Extensions:/usr/lib/java:."/>
    <property name="java.vendor" value="Oracle Corporation"/>
    <property name="java.vm.info" value="mixed mode"/>
    <property name="java.vm.version" value="11.0.13+10-LTS-370"/>
    <property name="sun.io.unicode.encoding" value="UnicodeBig"/>
    <property name="java.class.version" value="55.0"/>
    <property name="socksNonProxyHosts" value="local|*.local|169.254/16|*.169.254/16"/>
  </properties>
  <testcase name="ShouldNotBeAbleToCreateAPlaylistWithInvalidToken" classname="com.spotify.oauth2.tests.PlaylistTests" time="7.105">
    <system-out><![CDATA[Name of method: ShouldNotBeAbleToCreateAPlaylistWithInvalidToken
Name of method: ShouldBeAbleToCreateAPlaylist
Name of method: ShouldBeAbleToChangeAPlaylist
Name of method: ShouldBeAbleToGetAPlaylist
Name of method: ShouldNotBeAbleToCreateAPlaylistWithoutName
Thread ID: 22
Thread ID: 21
Thread ID: 23
Thread ID: 24
Thread ID: 25
Renewing Token..Request method:	POST
Request URI:	https://accounts.spotify.com/api/token
Proxy:			<none>
Request params:	<none>
Query params:	<none>
Form params:	refresh_token=AQBxa13Lch32WDElrFxiI7vsEXAnit46yP4yo-PN9naSq23uaHjNtiy9f4-cgOCPu_6j1K7iyMud87ptDKAk037nUK5AKhK2ujVlFtSzPNWz5lpWDq7-wMLxN47mw2oRAG0
				grant_type=refresh_token
				client_secret=114fcd865fb148758625589f41881b33
				client_id=c387ee26ff0e49f99ca16d20b3713188
Path params:	<none>
Headers:		Accept=*/*
				Content-Type=application/x-www-form-urlencoded; charset=ISO-8859-1
Cookies:		<none>
Multiparts:		<none>
Body:			<none>
Request method:	POST
Request URI:	https://api.spotify.com/v1/users/31tqrsdwaltdwbj4iqlgk3oigqvm/playlists
Proxy:			<none>
Request params:	<none>
Query params:	<none>
Form params:	<none>
Path params:	<none>
Headers:		Accept=*/*
				Content-Type=application/json
Cookies:		<none>
Multiparts:		<none>
Body:
{
    "collaborative": false,
    "description": "#;;,;;!X! ;1#2,,;F,OB;3!!R,;9,6MU#,;7!#!,/,#4 GN#3",
    "public": true,
    "name": "6 5B38D6 T"
}
HTTP/1.1 401 Unauthorized
www-authenticate: Bearer realm="spotify", error="invalid_token", error_description="Invalid access token"
access-control-allow-origin: *
access-control-allow-headers: Accept, App-Platform, Authorization, Content-Type, Origin, Retry-After, Spotify-App-Version, X-Cloud-Trace-Context, client-token, content-access-token
access-control-allow-methods: GET, POST, OPTIONS, PUT, DELETE, PATCH
access-control-allow-credentials: true
access-control-max-age: 604800
content-type: application/json
content-encoding: gzip
strict-transport-security: max-age=31536000
x-content-type-options: nosniff
date: Wed, 22 Jun 2022 15:46:05 GMT
server: envoy
Via: HTTP/2 edgeproxy, 1.1 google
Alt-Svc: h3=":443"; ma=2592000,h3-29=":443"; ma=2592000
Transfer-Encoding: chunked

{
    "error": {
        "status": 401,
        "message": "Invalid access token"
    }
}
]]></system-out>
    <system-err><![CDATA[SLF4J: Failed to load class "org.slf4j.impl.StaticLoggerBinder".
SLF4J: Defaulting to no-operation (NOP) logger implementation
SLF4J: See http://www.slf4j.org/codes.html#StaticLoggerBinder for further details.
]]></system-err>
  </testcase>
  <testcase name="ShouldNotBeAbleToCreateAPlaylistWithoutName" classname="com.spotify.oauth2.tests.PlaylistTests" time="9.176">
    <system-out><![CDATA[Reusing existing token
Reusing existing token
Reusing existing token
Request method:	GET
Request URI:	https://api.spotify.com/v1/playlists/37ibO1nab7zzj6quri2Ban
Proxy:			<none>
Request params:	<none>
Query params:	<none>
Form params:	<none>
Path params:	<none>
Headers:		Accept=*/*
				Content-Type=application/json
Cookies:		<none>
Multiparts:		<none>
Body:			<none>
Request method:	POST
Request URI:	https://api.spotify.com/v1/users/31tqrsdwaltdwbj4iqlgk3oigqvm/playlists
Proxy:			<none>
Request params:	<none>
Query params:	<none>
Form params:	<none>
Path params:	<none>
Headers:		Accept=*/*
				Content-Type=application/json
Cookies:		<none>
Multiparts:		<none>
Body:
{
    "collaborative": false,
    "description": "/#8# ;0#5#9;#;##44J8,;,###MF1#;,#,,/!4MZ ,R##,6K,5",
    "public": true,
    "name": "L  V   4XW"
}
Request method:	POST
Request URI:	https://api.spotify.com/v1/users/31tqrsdwaltdwbj4iqlgk3oigqvm/playlists
Proxy:			<none>
Request params:	<none>
Query params:	<none>
Form params:	<none>
Path params:	<none>
Headers:		Accept=*/*
				Content-Type=application/json
Cookies:		<none>
Multiparts:		<none>
Body:
{
    "collaborative": false,
    "description": " M,IO;RZ1Z#; ;#6 !;  ,,#J;C6P#,,# G#,# ## 8;1##,!R",
    "public": true,
    "name": ""
}
Request method:	PUT
Request URI:	https://api.spotify.com/v1/playlists/6Q3yqZDejsxJh1n0uaZEtS
Proxy:			<none>
Request params:	<none>
Query params:	<none>
Form params:	<none>
Path params:	<none>
Headers:		Accept=*/*
				Content-Type=application/json
Cookies:		<none>
Multiparts:		<none>
Body:
{
    "collaborative": false,
    "description": ",E!#G#;/,,,A,K;;,,, 4;I1V,##;!TF,,7#B#O,,H 6!2L,I;",
    "public": true,
    "name": " 2Z12 T486"
}
HTTP/1.1 400 Bad Request
content-type: application/json; charset=utf-8
cache-control: private, max-age=0
x-robots-tag: noindex, nofollow
access-control-allow-origin: *
access-control-allow-headers: Accept, App-Platform, Authorization, Content-Type, Origin, Retry-After, Spotify-App-Version, X-Cloud-Trace-Context, client-token, content-access-token
access-control-allow-methods: GET, POST, OPTIONS, PUT, DELETE, PATCH
access-control-allow-credentials: true
access-control-max-age: 604800
content-encoding: gzip
strict-transport-security: max-age=31536000
x-content-type-options: nosniff
date: Wed, 22 Jun 2022 15:46:08 GMT
server: envoy
Via: HTTP/2 edgeproxy, 1.1 google
Alt-Svc: h3=":443"; ma=2592000,h3-29=":443"; ma=2592000
Transfer-Encoding: chunked

{
    "error": {
        "status": 400,
        "message": "Missing required field: name"
    }
}
]]></system-out>
  </testcase>
  <testcase name="ShouldBeAbleToChangeAPlaylist" classname="com.spotify.oauth2.tests.PlaylistTests" time="9.378">
    <system-out><![CDATA[HTTP/1.1 201 Created
content-type: application/json; charset=utf-8
cache-control: private, max-age=0
location: https://api.spotify.com/v1/playlists/4Lk0CNhI2nKgFjLGOT5BEi
x-robots-tag: noindex, nofollow
access-control-allow-origin: *
access-control-allow-headers: Accept, App-Platform, Authorization, Content-Type, Origin, Retry-After, Spotify-App-Version, X-Cloud-Trace-Context, client-token, content-access-token
access-control-allow-methods: GET, POST, OPTIONS, PUT, DELETE, PATCH
access-control-allow-credentials: true
access-control-max-age: 604800
content-encoding: gzip
strict-transport-security: max-age=31536000
x-content-type-options: nosniff
date: Wed, 22 Jun 2022 15:46:08 GMT
server: envoy
Via: HTTP/2 edgeproxy, 1.1 google
Alt-Svc: h3=":443"; ma=2592000,h3-29=":443"; ma=2592000
Transfer-Encoding: chunked

{
    "collaborative": false,
    "description": "/#8# ;0#5#9;#;##44J8,;,###MF1#;,#,,/!4MZ ,R##,6K,5",
    "external_urls": {
        "spotify": "https://open.spotify.com/playlist/4Lk0CNhI2nKgFjLGOT5BEi"
    },
    "followers": {
        "href": null,
        "total": 0
    },
    "href": "https://api.spotify.com/v1/playlists/4Lk0CNhI2nKgFjLGOT5BEi",
    "id": "4Lk0CNhI2nKgFjLGOT5BEi",
    "images": [
        
    ],
    "name": "L  V   4XW",
    "owner": {
        "display_name": "Sandhya Ravi",
        "external_urls": {
            "spotify": "https://open.spotify.com/user/31tqrsdwaltdwbj4iqlgk3oigqvm"
        },
        "href": "https://api.spotify.com/v1/users/31tqrsdwaltdwbj4iqlgk3oigqvm",
        "id": "31tqrsdwaltdwbj4iqlgk3oigqvm",
        "type": "user",
        "uri": "spotify:user:31tqrsdwaltdwbj4iqlgk3oigqvm"
    },
    "primary_color": null,
    "public": true,
    "snapshot_id": "MSw0MTZjYmU2MTkyNTU4OTNhNTY3MDZlNmI4MmYwNzE5NTM4ODhmNDky",
    "tracks": {
        "href": "https://api.spotify.com/v1/playlists/4Lk0CNhI2nKgFjLGOT5BEi/tracks",
        "items": [
            
        ],
        "limit": 100,
        "next": null,
        "offset": 0,
        "previous": null,
        "total": 0
    },
    "type": "playlist",
    "uri": "spotify:playlist:4Lk0CNhI2nKgFjLGOT5BEi"
}
HTTP/1.1 200 OK
content-type: application/json; charset=utf-8
cache-control: public, max-age=0
etag: "MC-ImEwZWU0NDA4YWY2NDU0ZjlmZjhiOTk3MTMyZTZhNjQ3Ig=="
x-robots-tag: noindex, nofollow
access-control-allow-origin: *
access-control-allow-headers: Accept, App-Platform, Authorization, Content-Type, Origin, Retry-After, Spotify-App-Version, X-Cloud-Trace-Context, client-token, content-access-token
access-control-allow-methods: GET, POST, OPTIONS, PUT, DELETE, PATCH
access-control-allow-credentials: true
access-control-max-age: 604800
content-encoding: gzip
strict-transport-security: max-age=31536000
x-content-type-options: nosniff
date: Wed, 22 Jun 2022 15:46:08 GMT
server: envoy
Via: HTTP/2 edgeproxy, 1.1 google
Alt-Svc: h3=":443"; ma=2592000,h3-29=":443"; ma=2592000
Transfer-Encoding: chunked

{
    "collaborative": false,
    "description": "Updated playlist description",
    "external_urls": {
        "spotify": "https://open.spotify.com/playlist/37ibO1nab7zzj6quri2Ban"
    },
    "followers": {
        "href": null,
        "total": 0
    },
    "href": "https://api.spotify.com/v1/playlists/37ibO1nab7zzj6quri2Ban",
    "id": "37ibO1nab7zzj6quri2Ban",
    "images": [
        
    ],
    "name": "Updated twice Playlist Name",
    "owner": {
        "display_name": "Sandhya Ravi",
        "external_urls": {
            "spotify": "https://open.spotify.com/user/31tqrsdwaltdwbj4iqlgk3oigqvm"
        },
        "href": "https://api.spotify.com/v1/users/31tqrsdwaltdwbj4iqlgk3oigqvm",
        "id": "31tqrsdwaltdwbj4iqlgk3oigqvm",
        "type": "user",
        "uri": "spotify:user:31tqrsdwaltdwbj4iqlgk3oigqvm"
    },
    "primary_color": null,
    "public": true,
    "snapshot_id": "NixkNWYyYmYwZjg4Njg2ODlkZTgyNWMwOGE3ZWE0YmRkNzNmNzc0MWZl",
    "tracks": {
        "href": "https://api.spotify.com/v1/playlists/37ibO1nab7zzj6quri2Ban/tracks?offset=0&limit=100",
        "items": [
            
        ],
        "limit": 100,
        "next": null,
        "offset": 0,
        "previous": null,
        "total": 0
    },
    "type": "playlist",
    "uri": "spotify:playlist:37ibO1nab7zzj6quri2Ban"
}
HTTP/1.1 200 OK
cache-control: private, max-age=0
x-robots-tag: noindex, nofollow
access-control-allow-origin: *
access-control-allow-headers: Accept, App-Platform, Authorization, Content-Type, Origin, Retry-After, Spotify-App-Version, X-Cloud-Trace-Context, client-token, content-access-token
access-control-allow-methods: GET, POST, OPTIONS, PUT, DELETE, PATCH
access-control-allow-credentials: true
access-control-max-age: 604800
Content-Length: 0
strict-transport-security: max-age=31536000
x-content-type-options: nosniff
date: Wed, 22 Jun 2022 15:46:08 GMT
server: envoy
Via: HTTP/2 edgeproxy, 1.1 google
Alt-Svc: h3=":443"; ma=2592000,h3-29=":443"; ma=2592000
]]></system-out>
  </testcase>
  <testcase name="ShouldBeAbleToGetAPlaylist" classname="com.spotify.oauth2.tests.PlaylistTests" time="9.447"/>
  <testcase name="ShouldBeAbleToCreateAPlaylist" classname="com.spotify.oauth2.tests.PlaylistTests" time="9.448"/>
</testsuite>